Build started 3/27/2015 10:51:41 PM.
     1>Project "C:\Users\khico_000\documents\visual studio 2012\Projects\RockManGame\RockManGame\RockManGame.vcxproj" on node 2 (Build target(s)).
     1>ClCompile:
         C:\Program Files (x86)\Microsoft Visual Studio 11.0\VC\bin\CL.exe /c /ZI /nologo /W3 /WX- /Od /Oy- /Gm /EHsc /RTC1 /MDd /GS /fp:precise /Zc:wchar_t /Zc:forScope /Fo"Debug\\" /Fd"Debug\vc110.pdb" /Gd /TP /analyze- /errorReport:prompt Game.cpp
         Game.cpp
         c:\program files (x86)\microsoft directx sdk (june 2010)\include\dinput.h: DIRECTINPUT_VERSION undefined. Defaulting to version 0x0800
       Link:
         C:\Program Files (x86)\Microsoft Visual Studio 11.0\VC\bin\link.exe /ERRORREPORT:PROMPT /OUT:"C:\Users\khico_000\documents\visual studio 2012\Projects\RockManGame\Debug\RockManGame.exe" /INCREMENTAL /NOLOGO d3d9.lib d3dx9.lib dxguid.lib DxErr.lib dinput8.lib kernel32.lib user32.lib gdi32.lib winspool.lib comdlg32.lib advapi32.lib shell32.lib ole32.lib oleaut32.lib uuid.lib odbc32.lib odbccp32.lib /MANIFEST /MANIFESTUAC:"level='asInvoker' uiAccess='false'" /manifest:embed /DEBUG /PDB:"C:\Users\khico_000\documents\visual studio 2012\Projects\RockManGame\Debug\RockManGame.pdb" /TLBID:1 /DYNAMICBASE /NXCOMPAT /IMPLIB:"C:\Users\khico_000\documents\visual studio 2012\Projects\RockManGame\Debug\RockManGame.lib" /MACHINE:X86 Debug\Camera.obj
         Debug\dxinput.obj
         Debug\DynamicObj.obj
         Debug\Game.obj
         Debug\GameObj.obj
         Debug\Rockman.obj
         Debug\RockmanObj.obj
         Debug\Sprite.obj
         Debug\Surface.obj
         Debug\Texture.obj
         Debug\WinMain.obj
         RockManGame.vcxproj -> C:\Users\khico_000\documents\visual studio 2012\Projects\RockManGame\Debug\RockManGame.exe
     1>Done Building Project "C:\Users\khico_000\documents\visual studio 2012\Projects\RockManGame\RockManGame\RockManGame.vcxproj" (Build target(s)).

Build succeeded.

Time Elapsed 00:00:04.27
